<?xml version="1.0" encoding="UTF-8"?>
<!-- Generated by org.testng.reporters.JUnitXMLReporter -->
<testsuite ignored="0" hostname="DESKTOP-TBMI47Q" failures="0" tests="5" name="Default test" time="17.684" errors="0" timestamp="06 Jul 2023 10:28:35 GMT">
  <testcase classname="Sree.Tests.Jio" name="subscriberPage" time="0.896"/>
  <testcase classname="Sree.Tests.Jio" name="registration_page" time="4.022"/>
  <testcase classname="Sree.Tests.Jio" name="search" time="1.738"/>
  <testcase classname="Sree.Tests.Jio" name="contentCard" time="1.229"/>
  <testcase classname="Sree.Tests.Jio" name="contentPlay" time="2.185"/>
</testsuite> <!-- Default test -->
