<?xml version="1.0" encoding="UTF-8"?>
<!-- Generated by org.testng.reporters.JUnitXMLReporter -->
<testsuite ignored="0" hostname="DESKTOP-TBMI47Q" failures="0" tests="5" name="Test" time="22.068" errors="0" timestamp="07 Jul 2023 06:17:56 GMT">
  <testcase classname="Sree.Tests.Jio" name="subscriberPage" time="1.522"/>
  <testcase classname="Sree.Tests.Jio" name="registration_page" time="4.038"/>
  <testcase classname="Sree.Tests.Jio" name="search" time="2.045"/>
  <testcase classname="Sree.Tests.Jio" name="contentCard" time="1.311"/>
  <testcase classname="Sree.Tests.Jio" name="contentPlay" time="2.266"/>
</testsuite> <!-- Test -->
