<?xml version="1.0" encoding="UTF-8"?>
<testng-results ignored="0" total="5" passed="5" failed="0" skipped="0">
  <reporter-output>
  </reporter-output>
  <suite started-at="2023-07-07T06:17:34Z" name="Suite" finished-at="2023-07-07T06:17:56Z" duration-ms="22068">
    <groups>
    </groups>
    <test started-at="2023-07-07T06:17:34Z" name="Test" finished-at="2023-07-07T06:17:56Z" duration-ms="22068">
      <class name="Sree.Tests.Jio">
        <test-method is-config="true" signature="launchApp()[pri:0, instance:Sree.Tests.Jio@7d446ed1]" started-at="2023-07-07T06:17:34Z" name="launchApp" finished-at="2023-07-07T06:17:44Z" duration-ms="9488" status="PASS">
          <reporter-output>
          </reporter-output>
        </test-method> <!-- launchApp -->
        <test-method signature="subscriberPage()[pri:0, instance:Sree.Tests.Jio@7d446ed1]" started-at="2023-07-07T06:17:44Z" name="subscriberPage" finished-at="2023-07-07T06:17:45Z" duration-ms="1522" status="PASS">
          <reporter-output>
          </reporter-output>
        </test-method> <!-- subscriberPage -->
        <test-method signature="registration_page()[pri:1, instance:Sree.Tests.Jio@7d446ed1]" started-at="2023-07-07T06:17:45Z" name="registration_page" finished-at="2023-07-07T06:17:49Z" duration-ms="4038" status="PASS">
          <reporter-output>
          </reporter-output>
        </test-method> <!-- registration_page -->
        <test-method signature="search()[pri:2, instance:Sree.Tests.Jio@7d446ed1]" started-at="2023-07-07T06:17:49Z" name="search" finished-at="2023-07-07T06:17:51Z" duration-ms="2045" status="PASS">
          <reporter-output>
          </reporter-output>
        </test-method> <!-- search -->
        <test-method signature="contentCard()[pri:3, instance:Sree.Tests.Jio@7d446ed1]" started-at="2023-07-07T06:17:51Z" name="contentCard" finished-at="2023-07-07T06:17:52Z" duration-ms="1311" status="PASS">
          <reporter-output>
          </reporter-output>
        </test-method> <!-- contentCard -->
        <test-method signature="contentPlay()[pri:4, instance:Sree.Tests.Jio@7d446ed1]" started-at="2023-07-07T06:17:52Z" name="contentPlay" finished-at="2023-07-07T06:17:55Z" duration-ms="2266" status="PASS">
          <reporter-output>
          </reporter-output>
        </test-method> <!-- contentPlay -->
        <test-method is-config="true" signature="close()[pri:0, instance:Sree.Tests.Jio@7d446ed1]" started-at="2023-07-07T06:17:55Z" name="close" finished-at="2023-07-07T06:17:56Z" duration-ms="1349" status="PASS">
          <reporter-output>
          </reporter-output>
        </test-method> <!-- close -->
      </class> <!-- Sree.Tests.Jio -->
    </test> <!-- Test -->
  </suite> <!-- Suite -->
</testng-results>
